c:\users\dimitris\documents\juce projects\stereo tool\builds\visualstudio2013\debug\stereotoolprocessor.obj
c:\users\dimitris\documents\juce projects\stereo tool\builds\visualstudio2013\debug\juce_gui_extra.obj
c:\users\dimitris\documents\juce projects\stereo tool\builds\visualstudio2013\debug\juce_audio_plugin_client_utils.obj
c:\users\dimitris\documents\juce projects\stereo tool\builds\visualstudio2013\debug\juce_graphics.obj
c:\users\dimitris\documents\juce projects\stereo tool\builds\visualstudio2013\debug\juce_audio_plugin_client_vst2.obj
c:\users\dimitris\documents\juce projects\stereo tool\builds\visualstudio2013\debug\juce_opengl.obj
c:\users\dimitris\documents\juce projects\stereo tool\builds\visualstudio2013\debug\juce_audio_formats.obj
c:\users\dimitris\documents\juce projects\stereo tool\builds\visualstudio2013\debug\juce_gui_basics.obj
c:\users\dimitris\documents\juce projects\stereo tool\builds\visualstudio2013\debug\juce_audio_devices.obj
c:\users\dimitris\documents\juce projects\stereo tool\builds\visualstudio2013\debug\juce_data_structures.obj
c:\users\dimitris\documents\juce projects\stereo tool\builds\visualstudio2013\debug\juce_audio_processors.obj
c:\users\dimitris\documents\juce projects\stereo tool\builds\visualstudio2013\debug\juce_audio_basics.obj
c:\users\dimitris\documents\juce projects\stereo tool\builds\visualstudio2013\debug\juce_cryptography.obj
c:\users\dimitris\documents\juce projects\stereo tool\builds\visualstudio2013\debug\juce_events.obj
c:\users\dimitris\documents\juce projects\stereo tool\builds\visualstudio2013\debug\juce_core.obj
c:\users\dimitris\documents\juce projects\stereo tool\builds\visualstudio2013\debug\juce_video.obj
c:\users\dimitris\documents\juce projects\stereo tool\builds\visualstudio2013\debug\vc120.pdb
c:\users\dimitris\documents\juce projects\stereo tool\builds\visualstudio2013\debug\stereotool.ilk
c:\users\dimitris\documents\juce projects\stereo tool\builds\visualstudio2013\debug\stereotool.dll
c:\users\dimitris\documents\juce projects\stereo tool\builds\visualstudio2013\debug\stereotool.pdb
c:\users\dimitris\documents\juce projects\stereo tool\builds\visualstudio2013\debug\resources.res
c:\users\dimitris\documents\juce projects\stereo tool\builds\visualstudio2013\debug\stereotool.lib
c:\users\dimitris\documents\juce projects\stereo tool\builds\visualstudio2013\debug\stereotool.exp
c:\users\dimitris\documents\juce projects\stereo tool\builds\visualstudio2013\debug\vc120.idb
c:\users\dimitris\documents\juce projects\stereo tool\builds\visualstudio2013\debug\stereo tool.tlog\cl.command.1.tlog
c:\users\dimitris\documents\juce projects\stereo tool\builds\visualstudio2013\debug\stereo tool.tlog\cl.read.1.tlog
c:\users\dimitris\documents\juce projects\stereo tool\builds\visualstudio2013\debug\stereo tool.tlog\cl.write.1.tlog
c:\users\dimitris\documents\juce projects\stereo tool\builds\visualstudio2013\debug\stereo tool.tlog\link.command.1.tlog
c:\users\dimitris\documents\juce projects\stereo tool\builds\visualstudio2013\debug\stereo tool.tlog\link.read.1.tlog
c:\users\dimitris\documents\juce projects\stereo tool\builds\visualstudio2013\debug\stereo tool.tlog\link.write.1.tlog
c:\users\dimitris\documents\juce projects\stereo tool\builds\visualstudio2013\debug\stereo tool.tlog\rc.command.1.tlog
c:\users\dimitris\documents\juce projects\stereo tool\builds\visualstudio2013\debug\stereo tool.tlog\rc.read.1.tlog
c:\users\dimitris\documents\juce projects\stereo tool\builds\visualstudio2013\debug\stereo tool.tlog\rc.write.1.tlog
c:\users\dimitris\documents\juce projects\stereo tool\builds\visualstudio2013\debug\stereo tool.tlog\stereo tool.write.1u.tlog
